-------------------------------------------------------------------------------
Test set: co.unicauca.microkernel.gestionproyectos.core.domain.services.ProjectServiceTest
-------------------------------------------------------------------------------
Tests run: 4, Failures: 1, Errors: 2, Skipped: 0, Time elapsed: 0.132 s <<< FAILURE! -- in co.unicauca.microkernel.gestionproyectos.core.domain.services.ProjectServiceTest
co.unicauca.microkernel.gestionproyectos.core.domain.services.ProjectServiceTest.testListProject -- Time elapsed: 0.047 s <<< ERROR!
java.lang.NullPointerException: Cannot invoke "java.util.List.forEach(java.util.function.Consumer)" because the return value of "co.unicauca.microkernel.gestionproyectos.core.plugin.manager.IProjectRepositoryPlugin.getProjects()" is null
	at co.unicauca.microkernel.gestionproyectos.core.domain.services.ProjectService.listProject(ProjectService.java:60)
	at co.unicauca.microkernel.gestionproyectos.core.domain.services.ProjectServiceTest.testListProject(ProjectServiceTest.java:58)
	at java.base/java.lang.reflect.Method.invoke(Method.java:580)
	at java.base/java.util.ArrayList.forEach(ArrayList.java:1597)
	at java.base/java.util.ArrayList.forEach(ArrayList.java:1597)

co.unicauca.microkernel.gestionproyectos.core.domain.services.ProjectServiceTest.testRegisterProject -- Time elapsed: 0.006 s <<< ERROR!
java.lang.NullPointerException: Cannot invoke "java.util.List.size()" because "proyectos" is null
	at co.unicauca.microkernel.gestionproyectos.core.domain.services.ProjectServiceTest.testRegisterProject(ProjectServiceTest.java:45)
	at java.base/java.lang.reflect.Method.invoke(Method.java:580)
	at java.base/java.util.ArrayList.forEach(ArrayList.java:1597)
	at java.base/java.util.ArrayList.forEach(ArrayList.java:1597)

co.unicauca.microkernel.gestionproyectos.core.domain.services.ProjectServiceTest.testAssignProject -- Time elapsed: 0.015 s <<< FAILURE!
org.opentest4j.AssertionFailedError: El proyecto debe existir en el repositorio ==> expected: not <null>
	at org.junit.jupiter.api.AssertionFailureBuilder.build(AssertionFailureBuilder.java:152)
	at org.junit.jupiter.api.AssertionFailureBuilder.buildAndThrow(AssertionFailureBuilder.java:132)
	at org.junit.jupiter.api.AssertNotNull.failNull(AssertNotNull.java:49)
	at org.junit.jupiter.api.AssertNotNull.assertNotNull(AssertNotNull.java:35)
	at org.junit.jupiter.api.Assertions.assertNotNull(Assertions.java:312)
	at co.unicauca.microkernel.gestionproyectos.core.domain.services.ProjectServiceTest.testAssignProject(ProjectServiceTest.java:79)
	at java.base/java.lang.reflect.Method.invoke(Method.java:580)
	at java.base/java.util.ArrayList.forEach(ArrayList.java:1597)
	at java.base/java.util.ArrayList.forEach(ArrayList.java:1597)

