<?xml version="1.0" encoding="UTF-8"?>
<testsuite xmlns:xsi="http://www.w3.org/2001/XMLSchema-instance" xsi:noNamespaceSchemaLocation="https://maven.apache.org/surefire/maven-surefire-plugin/xsd/surefire-test-report-3.0.xsd" version="3.0" name="co.unicauca.microkernel.gestionproyectos.core.domain.services.ProjectServiceTest" time="0.132" tests="4" errors="2" skipped="0" failures="1">
  <properties>
[...]
</properties>
  <testcase name="testListProject" classname="co.unicauca.microkernel.gestionproyectos.core.domain.services.ProjectServiceTest" time="0.047">
    <error message="Cannot invoke &quot;java.util.List.forEach(java.util.function.Consumer)&quot; because the return value of &quot;co.unicauca.microkernel.gestionproyectos.core.plugin.manager.IProjectRepositoryPlugin.getProjects()&quot; is null" type="java.lang.NullPointerException"><![CDATA[java.lang.NullPointerException: Cannot invoke "java.util.List.forEach(java.util.function.Consumer)" because the return value of "co.unicauca.microkernel.gestionproyectos.core.plugin.manager.IProjectRepositoryPlugin.getProjects()" is null
	at co.unicauca.microkernel.gestionproyectos.core.domain.services.ProjectService.listProject(ProjectService.java:60)
	at co.unicauca.microkernel.gestionproyectos.core.domain.services.ProjectServiceTest.testListProject(ProjectServiceTest.java:58)
	at java.base/java.lang.reflect.Method.invoke(Method.java:580)
	at java.base/java.util.ArrayList.forEach(ArrayList.java:1597)
	at java.base/java.util.ArrayList.forEach(ArrayList.java:1597)
]]></error>
    <system-out><![CDATA[Error al registrar el proyecto: Cannot invoke "java.util.List.stream()" because "proyectosExistentes" is null
]]></system-out>
  </testcase>
  <testcase name="testRegisterProject" classname="co.unicauca.microkernel.gestionproyectos.core.domain.services.ProjectServiceTest" time="0.006">
    <error message="Cannot invoke &quot;java.util.List.size()&quot; because &quot;proyectos&quot; is null" type="java.lang.NullPointerException"><![CDATA[java.lang.NullPointerException: Cannot invoke "java.util.List.size()" because "proyectos" is null
	at co.unicauca.microkernel.gestionproyectos.core.domain.services.ProjectServiceTest.testRegisterProject(ProjectServiceTest.java:45)
	at java.base/java.lang.reflect.Method.invoke(Method.java:580)
	at java.base/java.util.ArrayList.forEach(ArrayList.java:1597)
	at java.base/java.util.ArrayList.forEach(ArrayList.java:1597)
]]></error>
    <system-out><![CDATA[Error al registrar el proyecto: Cannot invoke "java.util.List.stream()" because "proyectosExistentes" is null
]]></system-out>
  </testcase>
  <testcase name="testAssignProject" classname="co.unicauca.microkernel.gestionproyectos.core.domain.services.ProjectServiceTest" time="0.015">
    <failure message="El proyecto debe existir en el repositorio ==&gt; expected: not &lt;null&gt;" type="org.opentest4j.AssertionFailedError"><![CDATA[org.opentest4j.AssertionFailedError: El proyecto debe existir en el repositorio ==> expected: not <null>
	at org.junit.jupiter.api.AssertionFailureBuilder.build(AssertionFailureBuilder.java:152)
	at org.junit.jupiter.api.AssertionFailureBuilder.buildAndThrow(AssertionFailureBuilder.java:132)
	at org.junit.jupiter.api.AssertNotNull.failNull(AssertNotNull.java:49)
	at org.junit.jupiter.api.AssertNotNull.assertNotNull(AssertNotNull.java:35)
	at org.junit.jupiter.api.Assertions.assertNotNull(Assertions.java:312)
	at co.unicauca.microkernel.gestionproyectos.core.domain.services.ProjectServiceTest.testAssignProject(ProjectServiceTest.java:79)
	at java.base/java.lang.reflect.Method.invoke(Method.java:580)
	at java.base/java.util.ArrayList.forEach(ArrayList.java:1597)
	at java.base/java.util.ArrayList.forEach(ArrayList.java:1597)
]]></failure>
    <system-out><![CDATA[Error al registrar el proyecto: Cannot invoke "java.util.List.stream()" because "proyectosExistentes" is null
Proyecto no encontrado.
]]></system-out>
  </testcase>
  <testcase name="testAssignProject_ProjectNotFound" classname="co.unicauca.microkernel.gestionproyectos.core.domain.services.ProjectServiceTest" time="0.005">
    <system-out><![CDATA[Proyecto no encontrado.
Proyecto no encontrado.
]]></system-out>
  </testcase>
</testsuite>